2024-03-10 19:55:53,741 INFO o.a.j.u.JMeterUtils: Setting Locale to en_EN
2024-03-10 19:55:53,754 INFO o.a.j.JMeter: Loading user properties from: /opt/homebrew/Cellar/jmeter/5.6.3/libexec/bin/user.properties
2024-03-10 19:55:53,755 INFO o.a.j.JMeter: Loading system properties from: /opt/homebrew/Cellar/jmeter/5.6.3/libexec/bin/system.properties
2024-03-10 19:55:53,757 INFO o.a.j.JMeter: Copyright (c) 1998-2024 The Apache Software Foundation
2024-03-10 19:55:53,757 INFO o.a.j.JMeter: Version 5.6.3
2024-03-10 19:55:53,757 INFO o.a.j.JMeter: java.version=21.0.2
2024-03-10 19:55:53,757 INFO o.a.j.JMeter: java.vm.name=OpenJDK 64-Bit Server VM
2024-03-10 19:55:53,757 INFO o.a.j.JMeter: os.name=Mac OS X
2024-03-10 19:55:53,757 INFO o.a.j.JMeter: os.arch=aarch64
2024-03-10 19:55:53,757 INFO o.a.j.JMeter: os.version=14.4
2024-03-10 19:55:53,758 INFO o.a.j.JMeter: file.encoding=UTF-8
2024-03-10 19:55:53,758 INFO o.a.j.JMeter: java.awt.headless=null
2024-03-10 19:55:53,758 INFO o.a.j.JMeter: Max memory     =1073741824
2024-03-10 19:55:53,758 INFO o.a.j.JMeter: Available Processors =10
2024-03-10 19:55:53,763 INFO o.a.j.JMeter: Default Locale=English (EN)
2024-03-10 19:55:53,764 INFO o.a.j.JMeter: JMeter  Locale=English (EN)
2024-03-10 19:55:53,764 INFO o.a.j.JMeter: JMeterHome=/opt/homebrew/Cellar/jmeter/5.6.3/libexec
2024-03-10 19:55:53,764 INFO o.a.j.JMeter: user.dir  =/Users/isaioliva/Documents/GitHub/experimentosProyectoFInal/Experimento1/jmeter
2024-03-10 19:55:53,764 INFO o.a.j.JMeter: PWD       =/Users/isaioliva/Documents/GitHub/experimentosProyectoFInal/Experimento1/jmeter
2024-03-10 19:55:53,765 INFO o.a.j.JMeter: IP: 127.0.0.1 Name: vormir.local FullName: localhost
2024-03-10 19:55:53,771 INFO o.a.j.JMeter: Loaded icon properties from org/apache/jmeter/images/icon.properties
2024-03-10 19:55:54,051 INFO o.a.j.JMeterGuiLauncher: Setting LAF to: com.github.weisj.darklaf.DarkLaf:com.github.weisj.darklaf.theme.DarculaTheme
2024-03-10 19:55:55,261 INFO o.a.j.r.ClassFinder: Will scan jar /opt/homebrew/Cellar/jmeter/5.6.3/libexec/lib/ext/jmeter-plugins-manager-1.9.jar with filter ExtendsClassFilter [parents=[interface org.apache.jmeter.gui.action.Command], inner=false, contains=null, notContains=null]. Consider exposing JMeter plugins via META-INF/services, and add JMeter-Skip-Class-Scanning=true manifest attribute so JMeter can skip classfile scanning
2024-03-10 19:55:55,320 INFO o.a.j.r.ClassFinder: Will scan jar /opt/homebrew/Cellar/jmeter/5.6.3/libexec/lib/ext/jmeter-plugins-manager-1.9.jar with filter ExtendsClassFilter [parents=[interface org.apache.jmeter.gui.plugin.MenuCreator], inner=false, contains=null, notContains=null]. Consider exposing JMeter plugins via META-INF/services, and add JMeter-Skip-Class-Scanning=true manifest attribute so JMeter can skip classfile scanning
2024-03-10 19:55:55,380 INFO o.j.r.JARSourceHTTP: Requesting https://jmeter-plugins.org/repo/?installID=mac_os_x-eed93366927aaa1f806dafb8d62e0dc5-gui
2024-03-10 19:55:56,623 INFO o.j.r.PluginManager: Plugins Status: [jpgc-plugins-manager=1.9, jmeter-core=5.6.3, jmeter-ftp=5.6.3, jmeter-http=5.6.3, jmeter-jdbc=5.6.3, jmeter-jms=5.6.3, jmeter-junit=5.6.3, jmeter-java=5.6.3, jmeter-ldap=5.6.3, jmeter-mail=5.6.3, jmeter-mongodb=5.6.3, jmeter-native=5.6.3, jmeter-tcp=5.6.3, jmeter-components=5.6.3]
2024-03-10 19:55:56,628 INFO o.j.r.PluginManagerMenuItem: Plugins Manager has upgrades: [jpgc-plugins-manager]
2024-03-10 19:56:02,996 INFO o.a.j.s.FileServer: Default base='/Users/isaioliva/Documents/GitHub/experimentosProyectoFInal/Experimento1/jmeter'
2024-03-10 19:56:03,000 INFO o.a.j.g.a.Load: Loading file: /Users/isaioliva/Documents/GitHub/experimentosProyectoFInal/Experimento2/jmeter/Escenario2-ProcesamientoMaximo.jmx
2024-03-10 19:56:03,000 INFO o.a.j.s.FileServer: Set new base='/Users/isaioliva/Documents/GitHub/experimentosProyectoFInal/Experimento2/jmeter'
2024-03-10 19:56:03,091 INFO o.a.j.s.SaveService: Testplan (JMX) version: 2.2. Testlog (JTL) version: 2.2
2024-03-10 19:56:03,095 INFO o.a.j.s.SaveService: Using SaveService properties version 5.0
2024-03-10 19:56:03,095 INFO o.a.j.s.SaveService: Using SaveService properties file encoding UTF-8
2024-03-10 19:56:03,096 INFO o.a.j.s.SaveService: Loading file: /Users/isaioliva/Documents/GitHub/experimentosProyectoFInal/Experimento2/jmeter/Escenario2-ProcesamientoMaximo.jmx
2024-03-10 19:56:03,135 INFO o.a.j.p.h.s.HTTPSamplerBase: Parser for text/html is org.apache.jmeter.protocol.http.parser.LagartoBasedHtmlParser
2024-03-10 19:56:03,135 INFO o.a.j.p.h.s.HTTPSamplerBase: Parser for application/xhtml+xml is org.apache.jmeter.protocol.http.parser.LagartoBasedHtmlParser
2024-03-10 19:56:03,136 INFO o.a.j.p.h.s.HTTPSamplerBase: Parser for application/xml is org.apache.jmeter.protocol.http.parser.LagartoBasedHtmlParser
2024-03-10 19:56:03,136 INFO o.a.j.p.h.s.HTTPSamplerBase: Parser for text/xml is org.apache.jmeter.protocol.http.parser.LagartoBasedHtmlParser
2024-03-10 19:56:03,136 INFO o.a.j.p.h.s.HTTPSamplerBase: Parser for text/vnd.wap.wml is org.apache.jmeter.protocol.http.parser.RegexpHTMLParser
2024-03-10 19:56:03,136 INFO o.a.j.p.h.s.HTTPSamplerBase: Parser for text/css is org.apache.jmeter.protocol.http.parser.CssParser
2024-03-10 19:56:03,294 INFO o.a.j.s.SampleResult: Note: Sample TimeStamps are START times
2024-03-10 19:56:03,294 INFO o.a.j.s.SampleResult: sampleresult.default.encoding is set to UTF-8
2024-03-10 19:56:03,294 INFO o.a.j.s.SampleResult: sampleresult.useNanoTime=true
2024-03-10 19:56:03,294 INFO o.a.j.s.SampleResult: sampleresult.nanoThreadSleep=5000
2024-03-10 19:56:03,344 INFO o.a.j.r.ClassFinder: Will scan jar /opt/homebrew/Cellar/jmeter/5.6.3/libexec/lib/ext/jmeter-plugins-manager-1.9.jar with filter ExtendsClassFilter [parents=[interface org.apache.jmeter.visualizers.ResultRenderer], inner=false, contains=null, notContains=null]. Consider exposing JMeter plugins via META-INF/services, and add JMeter-Skip-Class-Scanning=true manifest attribute so JMeter can skip classfile scanning
2024-03-10 19:56:03,353 INFO o.a.j.r.ClassFinder: Will scan jar /opt/homebrew/Cellar/jmeter/5.6.3/libexec/lib/ext/jmeter-plugins-manager-1.9.jar with filter ExtendsClassFilter [parents=[interface org.apache.jmeter.visualizers.RequestView], inner=false, contains=null, notContains=null]. Consider exposing JMeter plugins via META-INF/services, and add JMeter-Skip-Class-Scanning=true manifest attribute so JMeter can skip classfile scanning
2024-03-10 19:56:03,390 INFO o.a.j.s.FileServer: Set new base='/Users/isaioliva/Documents/GitHub/experimentosProyectoFInal/Experimento2/jmeter'
